Using pre-set license
Built from '2021.3/staging' branch; Version is '2021.3.15f1 (e8e88683f834) revision 15263878'; Using compiler version '192829333'; Build Type 'Release'
OS: 'Windows 10  (10.0.19045) 64bit Professional' Language: 'ko' Physical Memory: 32687 MB
BatchMode: 1, IsHumanControllingUs: 0, StartBugReporterOnCrash: 0, Is64bit: 1, IsPro: 1

COMMAND LINE ARGUMENTS:
D:\Unity Hub\2021.3.15f1\Editor\Unity.exe
-adb2
-batchMode
-noUpm
-name
AssetImportWorker2
-projectPath
C:/Users/LEE/Documents/Portfolio Game/Git_Project/Tutorial/Game
-logFile
Logs/AssetImportWorker2.log
-srvPort
50287
Successfully changed project path to: C:/Users/LEE/Documents/Portfolio Game/Git_Project/Tutorial/Game
C:/Users/LEE/Documents/Portfolio Game/Git_Project/Tutorial/Game
[UnityMemory] Configuration Parameters - Can be set up in boot.config
    "memorysetup-bucket-allocator-granularity=16"
    "memorysetup-bucket-allocator-bucket-count=8"
    "memorysetup-bucket-allocator-block-size=33554432"
    "memorysetup-bucket-allocator-block-count=8"
    "memorysetup-main-allocator-block-size=16777216"
    "memorysetup-thread-allocator-block-size=16777216"
    "memorysetup-gfx-main-allocator-block-size=16777216"
    "memorysetup-gfx-thread-allocator-block-size=16777216"
    "memorysetup-cache-allocator-block-size=4194304"
    "memorysetup-typetree-allocator-block-size=2097152"
    "memorysetup-profiler-bucket-allocator-granularity=16"
    "memorysetup-profiler-bucket-allocator-bucket-count=8"
    "memorysetup-profiler-bucket-allocator-block-size=33554432"
    "memorysetup-profiler-bucket-allocator-block-count=8"
    "memorysetup-profiler-allocator-block-size=16777216"
    "memorysetup-profiler-editor-allocator-block-size=1048576"
    "memorysetup-temp-allocator-size-main=16777216"
    "memorysetup-job-temp-allocator-block-size=2097152"
    "memorysetup-job-temp-allocator-block-size-background=1048576"
    "memorysetup-job-temp-allocator-reduction-small-platforms=262144"
    "memorysetup-temp-allocator-size-background-worker=32768"
    "memorysetup-temp-allocator-size-job-worker=262144"
    "memorysetup-temp-allocator-size-preload-manager=33554432"
    "memorysetup-temp-allocator-size-nav-mesh-worker=65536"
    "memorysetup-temp-allocator-size-audio-worker=65536"
    "memorysetup-temp-allocator-size-cloud-worker=32768"
    "memorysetup-temp-allocator-size-gi-baking-worker=262144"
    "memorysetup-temp-allocator-size-gfx=262144"
Player connection [41760] Host "[IP] 112.160.247.6 [Port] 0 [Flags] 2 [Guid] 1308996198 [EditorId] 1308996198 [Version] 1048832 [Id] WindowsEditor(7,Diomat0980) [Debug] 1 [PackageName] WindowsEditor [ProjectName] Editor" joined multi-casting on [225.0.0.222:54997]...

Player connection [41760] Host "[IP] 112.160.247.6 [Port] 0 [Flags] 2 [Guid] 1308996198 [EditorId] 1308996198 [Version] 1048832 [Id] WindowsEditor(7,Diomat0980) [Debug] 1 [PackageName] WindowsEditor [ProjectName] Editor" joined alternative multi-casting on [225.0.0.222:34997]...

Refreshing native plugins compatible for Editor in 74.57 ms, found 3 plugins.
Preloading 0 native plugins for Editor in 0.00 ms.
Initialize engine version: 2021.3.15f1 (e8e88683f834)
[Subsystems] Discovering subsystems at path D:/Unity Hub/2021.3.15f1/Editor/Data/Resources/UnitySubsystems
[Subsystems] Discovering subsystems at path C:/Users/LEE/Documents/Portfolio Game/Git_Project/Tutorial/Game/Assets
GfxDevice: creating device client; threaded=0; jobified=0
Direct3D:
    Version:  Direct3D 11.0 [level 11.1]
    Renderer: NVIDIA GeForce RTX 3080 (ID=0x2206)
    Vendor:   NVIDIA
    VRAM:     10067 MB
    Driver:   31.0.15.2756
Initialize mono
Mono path[0] = 'D:/Unity Hub/2021.3.15f1/Editor/Data/Managed'
Mono path[1] = 'D:/Unity Hub/2021.3.15f1/Editor/Data/MonoBleedingEdge/lib/mono/unityjit-win32'
Mono config path = 'D:/Unity Hub/2021.3.15f1/Editor/Data/MonoBleedingEdge/etc'
Using monoOptions --debugger-agent=transport=dt_socket,embedding=1,server=y,suspend=n,address=127.0.0.1:56288
Begin MonoManager ReloadAssembly
Registering precompiled unity dll's ...
Register platform support module: D:/Unity Hub/2021.3.15f1/Editor/Data/PlaybackEngines/WebGLSupport/UnityEditor.WebGL.Extensions.dll
Register platform support module: D:/Unity Hub/2021.3.15f1/Editor/Data/PlaybackEngines/AndroidPlayer/UnityEditor.Android.Extensions.dll
Register platform support module: D:/Unity Hub/2021.3.15f1/Editor/Data/PlaybackEngines/WindowsStandaloneSupport/UnityEditor.WindowsStandalone.Extensions.dll
Registered in 0.002901 seconds.
Native extension for WindowsStandalone target not found
Native extension for Android target not found
Native extension for WebGL target not found
Refreshing native plugins compatible for Editor in 75.50 ms, found 3 plugins.
Preloading 0 native plugins for Editor in 0.00 ms.
Mono: successfully reloaded assembly
- Completed reload, in  0.545 seconds
Domain Reload Profiling:
	ReloadAssembly (545ms)
		BeginReloadAssembly (64ms)
			ExecutionOrderSort (0ms)
			DisableScriptedObjects (0ms)
			BackupInstance (0ms)
			ReleaseScriptingObjects (0ms)
			CreateAndSetChildDomain (1ms)
		EndReloadAssembly (402ms)
			LoadAssemblies (64ms)
			RebuildTransferFunctionScriptingTraits (0ms)
			SetupTypeCache (96ms)
			ReleaseScriptCaches (0ms)
			RebuildScriptCaches (23ms)
			SetupLoadedEditorAssemblies (240ms)
				LogAssemblyErrors (0ms)
				InitializePlatformSupportModulesInManaged (44ms)
				SetLoadedEditorAssemblies (0ms)
				RefreshPlugins (76ms)
				BeforeProcessingInitializeOnLoad (1ms)
				ProcessInitializeOnLoadAttributes (81ms)
				ProcessInitializeOnLoadMethodAttributes (38ms)
				AfterProcessingInitializeOnLoad (0ms)
				EditorAssembliesLoaded (0ms)
			ExecutionOrderSort2 (0ms)
			AwakeInstancesAfterBackupRestoration (0ms)
Platform modules already initialized, skipping
Registering precompiled user dll's ...
Registered in 0.010473 seconds.
Begin MonoManager ReloadAssembly
Symbol file LoadedFromMemory doesn't match image C:\Users\LEE\Documents\Portfolio Game\Git_Project\Tutorial\Game\Library\PackageCache\com.unity.visualscripting@1.7.8\Editor\VisualScripting.Core\Dependencies\YamlDotNet\Unity.VisualScripting.YamlDotNet.dll
Symbol file LoadedFromMemory doesn't match image C:\Users\LEE\Documents\Portfolio Game\Git_Project\Tutorial\Game\Library\PackageCache\com.unity.visualscripting@1.7.8\Editor\VisualScripting.Core\Dependencies\DotNetZip\Unity.VisualScripting.IonicZip.dll
Native extension for WindowsStandalone target not found
Native extension for Android target not found
Native extension for WebGL target not found
Refreshing native plugins compatible for Editor in 0.48 ms, found 3 plugins.
Preloading 0 native plugins for Editor in 0.00 ms.
Mono: successfully reloaded assembly
- Completed reload, in  0.984 seconds
Domain Reload Profiling:
	ReloadAssembly (985ms)
		BeginReloadAssembly (195ms)
			ExecutionOrderSort (0ms)
			DisableScriptedObjects (5ms)
			BackupInstance (0ms)
			ReleaseScriptingObjects (0ms)
			CreateAndSetChildDomain (121ms)
		EndReloadAssembly (698ms)
			LoadAssemblies (83ms)
			RebuildTransferFunctionScriptingTraits (0ms)
			SetupTypeCache (235ms)
			ReleaseScriptCaches (1ms)
			RebuildScriptCaches (58ms)
			SetupLoadedEditorAssemblies (290ms)
				LogAssemblyErrors (0ms)
				InitializePlatformSupportModulesInManaged (10ms)
				SetLoadedEditorAssemblies (0ms)
				RefreshPlugins (1ms)
				BeforeProcessingInitializeOnLoad (77ms)
				ProcessInitializeOnLoadAttributes (180ms)
				ProcessInitializeOnLoadMethodAttributes (19ms)
				AfterProcessingInitializeOnLoad (2ms)
				EditorAssembliesLoaded (0ms)
			ExecutionOrderSort2 (0ms)
			AwakeInstancesAfterBackupRestoration (6ms)
Platform modules already initialized, skipping
========================================================================
Worker process is ready to serve import requests
Launched and connected shader compiler UnityShaderCompiler.exe after 0.03 seconds
Refreshing native plugins compatible for Editor in 0.60 ms, found 3 plugins.
Preloading 0 native plugins for Editor in 0.00 ms.
Unloading 3399 Unused Serialized files (Serialized files now loaded: 0)
Unloading 27 unused Assets / (114.5 KB). Loaded Objects now: 3865.
Memory consumption went from 125.0 MB to 124.9 MB.
Total: 2.983200 ms (FindLiveObjects: 0.323800 ms CreateObjectMapping: 0.333100 ms MarkObjects: 2.235900 ms  DeleteObjects: 0.089700 ms)

AssetImportParameters requested are different than current active one (requested -> active):
  custom:video-decoder-ogg-theora: a1e56fd34408186e4bbccfd4996cb3dc -> 
  custom:container-muxer-webm: aa71ff27fc2769a1b78a27578f13a17b -> 
  custom:container-demuxer-webm: 4f35f7cbe854078d1ac9338744f61a02 -> 
  custom:video-encoder-webm-vp8: eb34c28f22e8b96e1ab97ce403110664 -> 
  custom:audio-encoder-webm-vorbis: bf7c407c2cedff20999df2af8eb42d56 -> 
  custom:framework-win-MediaFoundation: 216162199b28c13a410421893ffa2e32 -> 
  custom:container-demuxer-ogg: 62fdf1f143b41e24485cea50d1cbac27 -> 
  custom:video-decoder-webm-vp8: 9c59270c3fd7afecdb556c50c9e8de78 -> 
  custom:audio-decoder-ogg-vorbis: bf7c407c2cedff20999df2af8eb42d56 -> 
========================================================================
Received Import Request.
  Time since last request: 252507.726863 seconds.
  path: Assets/AA_Scenes/Animation Layer.unity
  artifactKey: Guid(94733eb38ecbd1841a65d04f4b6986db) Importer(815301076,1909f56bfc062723c751e8b465ee728b)
Start importing Assets/AA_Scenes/Animation Layer.unity using Guid(94733eb38ecbd1841a65d04f4b6986db) Importer(815301076,1909f56bfc062723c751e8b465ee728b)  -> (artifact id: '4bad51f91897c2eb657bdc39e45c5400') in 0.005599 seconds 
========================================================================
Received Import Request.
  Time since last request: 9.930244 seconds.
  path: Assets/Animation Layer
  artifactKey: Guid(9b1d083c170667d47b960bef4462589b) Importer(815301076,1909f56bfc062723c751e8b465ee728b)
Start importing Assets/Animation Layer using Guid(9b1d083c170667d47b960bef4462589b) Importer(815301076,1909f56bfc062723c751e8b465ee728b)  -> (artifact id: '479e0f5817415ef67e4b7ecfeed0c4c5') in 0.001510 seconds 
========================================================================
Received Import Request.
  Time since last request: 3.782539 seconds.
  path: Assets/Animation Layer/New Folder
  artifactKey: Guid(62842ff1810a3c54bb3484673d434d44) Importer(815301076,1909f56bfc062723c751e8b465ee728b)
Start importing Assets/Animation Layer/New Folder using Guid(62842ff1810a3c54bb3484673d434d44) Importer(815301076,1909f56bfc062723c751e8b465ee728b)  -> (artifact id: '1cb51c304857c36431e0228067294042') in 0.001615 seconds 
========================================================================
Received Import Request.
  Time since last request: 0.568712 seconds.
  path: Assets/Animation Layer/New Folder 1
  artifactKey: Guid(3af43a8cb254b2c44b0c1331c3bf786a) Importer(815301076,1909f56bfc062723c751e8b465ee728b)
Start importing Assets/Animation Layer/New Folder 1 using Guid(3af43a8cb254b2c44b0c1331c3bf786a) Importer(815301076,1909f56bfc062723c751e8b465ee728b)  -> (artifact id: 'e025af2aa37625c0557a77860c6dc960') in 0.001490 seconds 
========================================================================
Received Import Request.
  Time since last request: 0.195138 seconds.
  path: Assets/Animation Layer/New Folder 2
  artifactKey: Guid(2b267453362d73e4ba9d75a7ba9e6add) Importer(815301076,1909f56bfc062723c751e8b465ee728b)
Start importing Assets/Animation Layer/New Folder 2 using Guid(2b267453362d73e4ba9d75a7ba9e6add) Importer(815301076,1909f56bfc062723c751e8b465ee728b)  -> (artifact id: '2e5808d2080a63639f8e77ed06660c78') in 0.001545 seconds 
========================================================================
Received Import Request.
  Time since last request: 3.133819 seconds.
  path: Assets/Animation Layer/Script
  artifactKey: Guid(62842ff1810a3c54bb3484673d434d44) Importer(815301076,1909f56bfc062723c751e8b465ee728b)
Start importing Assets/Animation Layer/Script using Guid(62842ff1810a3c54bb3484673d434d44) Importer(815301076,1909f56bfc062723c751e8b465ee728b)  -> (artifact id: 'feb9e4ccf381ee17a03c11a8b84d7bdb') in 0.001714 seconds 
========================================================================
Received Import Request.
  Time since last request: 4.665314 seconds.
  path: Assets/Animation Layer/Model
  artifactKey: Guid(3af43a8cb254b2c44b0c1331c3bf786a) Importer(815301076,1909f56bfc062723c751e8b465ee728b)
Start importing Assets/Animation Layer/Model using Guid(3af43a8cb254b2c44b0c1331c3bf786a) Importer(815301076,1909f56bfc062723c751e8b465ee728b)  -> (artifact id: 'c6c5bcae8f6124eb20116c102e2a3606') in 0.001898 seconds 
========================================================================
Received Import Request.
  Time since last request: 3.858368 seconds.
  path: Assets/Animation Layer/Texture
  artifactKey: Guid(2b267453362d73e4ba9d75a7ba9e6add) Importer(815301076,1909f56bfc062723c751e8b465ee728b)
Start importing Assets/Animation Layer/Texture using Guid(2b267453362d73e4ba9d75a7ba9e6add) Importer(815301076,1909f56bfc062723c751e8b465ee728b)  -> (artifact id: '458c0a3d5981cdad5df459888352e6a3') in 0.001481 seconds 
========================================================================
Received Import Request.
  Time since last request: 976.965663 seconds.
  path: Assets/Animation Layer/Model/Erika Archer.fbx
  artifactKey: Guid(7ae254b18ad3a344290a1e32edce8f68) Importer(815301076,1909f56bfc062723c751e8b465ee728b)
Start importing Assets/Animation Layer/Model/Erika Archer.fbx using Guid(7ae254b18ad3a344290a1e32edce8f68) Importer(815301076,1909f56bfc062723c751e8b465ee728b)  -> (artifact id: '6b16df9de5667a92e48dc770531b58ec') in 0.155069 seconds 
========================================================================
Received Import Request.
  Time since last request: 6.575647 seconds.
  path: Assets/Animation Layer/Model/Erika Archer.fbx
  artifactKey: Guid(7ae254b18ad3a344290a1e32edce8f68) Importer(815301076,1909f56bfc062723c751e8b465ee728b)
Start importing Assets/Animation Layer/Model/Erika Archer.fbx using Guid(7ae254b18ad3a344290a1e32edce8f68) Importer(815301076,1909f56bfc062723c751e8b465ee728b)  -> (artifact id: 'cbc1cb22c1760e9b5a75752731494d3f') in 0.032856 seconds 
========================================================================
Received Import Request.
  Time since last request: 11.174703 seconds.
  path: Assets/Animation Layer/Model/Erika Archer.fbx
  artifactKey: Guid(7ae254b18ad3a344290a1e32edce8f68) Importer(815301076,1909f56bfc062723c751e8b465ee728b)
Start importing Assets/Animation Layer/Model/Erika Archer.fbx using Guid(7ae254b18ad3a344290a1e32edce8f68) Importer(815301076,1909f56bfc062723c751e8b465ee728b)  -> (artifact id: 'f1034ffb5d8a6bbe0727b1ff996e10c5') in 0.048944 seconds 
========================================================================
Received Import Request.
  Time since last request: 18.116576 seconds.
  path: Assets/Animation Layer/Texture/Akai_MAT.mat
  artifactKey: Guid(c3c1af8db619a914384d715545638d82) Importer(815301076,1909f56bfc062723c751e8b465ee728b)
Start importing Assets/Animation Layer/Texture/Akai_MAT.mat using Guid(c3c1af8db619a914384d715545638d82) Importer(815301076,1909f56bfc062723c751e8b465ee728b)  -> (artifact id: 'ff5e5d3805fe5b63d0fc4b236e1136f0') in 0.008066 seconds 
========================================================================
Received Import Request.
  Time since last request: 0.888926 seconds.
  path: Assets/Animation Layer/Texture/Erika_Archer_Clothes_diffuse.png
  artifactKey: Guid(2f20d9adb953be246b22f74e4f56b1c5) Importer(815301076,1909f56bfc062723c751e8b465ee728b)
Start importing Assets/Animation Layer/Texture/Erika_Archer_Clothes_diffuse.png using Guid(2f20d9adb953be246b22f74e4f56b1c5) Importer(815301076,1909f56bfc062723c751e8b465ee728b)  -> (artifact id: '007e5e7722b3bd3ae2f2bf207cb27c5d') in 0.014852 seconds 
========================================================================
Received Import Request.
  Time since last request: 0.643569 seconds.
  path: Assets/Animation Layer/Texture/FemaleFitA_StdNM.png
  artifactKey: Guid(0af44549f608f6b4594ba55a7baee469) Importer(815301076,1909f56bfc062723c751e8b465ee728b)
Start importing Assets/Animation Layer/Texture/FemaleFitA_StdNM.png using Guid(0af44549f608f6b4594ba55a7baee469) Importer(815301076,1909f56bfc062723c751e8b465ee728b)  -> (artifact id: '5f40e6a27f116b83a6c6ecc283cfb9fc') in 0.014297 seconds 
========================================================================
Received Import Request.
  Time since last request: 0.000016 seconds.
  path: Assets/Animation Layer/Texture/EyeSpec_MAT.mat
  artifactKey: Guid(0b2cbb124b325884ebd0a70cc5613df4) Importer(815301076,1909f56bfc062723c751e8b465ee728b)
Start importing Assets/Animation Layer/Texture/EyeSpec_MAT.mat using Guid(0b2cbb124b325884ebd0a70cc5613df4) Importer(815301076,1909f56bfc062723c751e8b465ee728b)  -> (artifact id: 'a85967de42d3de284d5c988d4ddfb9c8') in 0.006388 seconds 
========================================================================
Received Import Request.
  Time since last request: 0.000018 seconds.
  path: Assets/Animation Layer/Texture/FemaleFitA_Body_diffuse.png
  artifactKey: Guid(0c082e49582f91a46aa6497dda69c684) Importer(815301076,1909f56bfc062723c751e8b465ee728b)
Start importing Assets/Animation Layer/Texture/FemaleFitA_Body_diffuse.png using Guid(0c082e49582f91a46aa6497dda69c684) Importer(815301076,1909f56bfc062723c751e8b465ee728b)  -> (artifact id: '5954b710ec0e1f37fad34ffc94fad87e') in 0.007095 seconds 
========================================================================
Received Prepare
Registering precompiled user dll's ...
Registered in 0.008467 seconds.
Begin MonoManager ReloadAssembly
Symbol file LoadedFromMemory doesn't match image C:\Users\LEE\Documents\Portfolio Game\Git_Project\Tutorial\Game\Library\PackageCache\com.unity.visualscripting@1.7.8\Editor\VisualScripting.Core\Dependencies\YamlDotNet\Unity.VisualScripting.YamlDotNet.dll
Symbol file LoadedFromMemory doesn't match image C:\Users\LEE\Documents\Portfolio Game\Git_Project\Tutorial\Game\Library\PackageCache\com.unity.visualscripting@1.7.8\Editor\VisualScripting.Core\Dependencies\DotNetZip\Unity.VisualScripting.IonicZip.dll
Native extension for WindowsStandalone target not found
Native extension for Android target not found
Native extension for WebGL target not found
Refreshing native plugins compatible for Editor in 0.51 ms, found 3 plugins.
Preloading 0 native plugins for Editor in 0.00 ms.
Mono: successfully reloaded assembly
- Completed reload, in  0.894 seconds
Domain Reload Profiling:
	ReloadAssembly (895ms)
		BeginReloadAssembly (126ms)
			ExecutionOrderSort (0ms)
			DisableScriptedObjects (4ms)
			BackupInstance (0ms)
			ReleaseScriptingObjects (0ms)
			CreateAndSetChildDomain (32ms)
		EndReloadAssembly (686ms)
			LoadAssemblies (99ms)
			RebuildTransferFunctionScriptingTraits (0ms)
			SetupTypeCache (248ms)
			ReleaseScriptCaches (1ms)
			RebuildScriptCaches (33ms)
			SetupLoadedEditorAssemblies (272ms)
				LogAssemblyErrors (0ms)
				InitializePlatformSupportModulesInManaged (16ms)
				SetLoadedEditorAssemblies (0ms)
				RefreshPlugins (1ms)
				BeforeProcessingInitializeOnLoad (62ms)
				ProcessInitializeOnLoadAttributes (169ms)
				ProcessInitializeOnLoadMethodAttributes (19ms)
				AfterProcessingInitializeOnLoad (4ms)
				EditorAssembliesLoaded (0ms)
			ExecutionOrderSort2 (0ms)
			AwakeInstancesAfterBackupRestoration (7ms)
Platform modules already initialized, skipping
Refreshing native plugins compatible for Editor in 3.46 ms, found 3 plugins.
Preloading 0 native plugins for Editor in 0.00 ms.
Unloading 3379 Unused Serialized files (Serialized files now loaded: 0)
Unloading 20 unused Assets / (81.3 KB). Loaded Objects now: 3915.
Memory consumption went from 140.8 MB to 140.7 MB.
Total: 3.847700 ms (FindLiveObjects: 0.339000 ms CreateObjectMapping: 0.281000 ms MarkObjects: 2.968200 ms  DeleteObjects: 0.258600 ms)

AssetImportParameters requested are different than current active one (requested -> active):
  custom:video-decoder-ogg-theora: a1e56fd34408186e4bbccfd4996cb3dc -> 
  custom:container-muxer-webm: aa71ff27fc2769a1b78a27578f13a17b -> 
  custom:container-demuxer-webm: 4f35f7cbe854078d1ac9338744f61a02 -> 
  custom:video-encoder-webm-vp8: eb34c28f22e8b96e1ab97ce403110664 -> 
  custom:audio-encoder-webm-vorbis: bf7c407c2cedff20999df2af8eb42d56 -> 
  custom:framework-win-MediaFoundation: 216162199b28c13a410421893ffa2e32 -> 
  custom:container-demuxer-ogg: 62fdf1f143b41e24485cea50d1cbac27 -> 
  custom:video-decoder-webm-vp8: 9c59270c3fd7afecdb556c50c9e8de78 -> 
  custom:audio-decoder-ogg-vorbis: bf7c407c2cedff20999df2af8eb42d56 -> 
Editor requested this worker to shutdown with reason: Scaling down because of idle timeout
AssetImportWorker is now disconnected from the server
Process exiting
Exiting without the bug reporter. Application will terminate with return code 0